Started GET "/" for ::1 at 2023-02-02 16:30:42 +0900
  [1m[35m (1.1ms)[0m  [1m[34mSELECT sqlite_version(*)[0m
  [1m[35m (0.3ms)[0m  [1m[34mSELECT "schema_migrations"."version" FROM "schema_migrations" ORDER BY "schema_migrations"."version" ASC[0m
Processing by HomesController#top as HTML
  Rendering layout layouts/application.html.erb
  Rendering homes/top.html.erb within layouts/application
  Rendered homes/top.html.erb within layouts/application (Duration: 1.3ms | Allocations: 635)
[Webpacker] Compiling...
[Webpacker] Compilation failed:
yarn run v1.22.18
info Visit https://yarnpkg.com/en/docs/cli/run for documentation about this command.


error Command "webpack" not found.

  Rendered layout layouts/application.html.erb (Duration: 532.1ms | Allocations: 18293)
Completed 200 OK in 541ms (Views: 535.8ms | ActiveRecord: 0.0ms | Allocations: 22517)


Started GET "/example" for ::1 at 2023-02-02 16:30:53 +0900
Processing by ExampleController#index as HTML
  Rendering layout layouts/application.html.erb
  Rendering example/index.html.erb within layouts/application
  Rendered example/index.html.erb within layouts/application (Duration: 0.6ms | Allocations: 160)
[Webpacker] Everything's up-to-date. Nothing to do
  Rendered layout layouts/application.html.erb (Duration: 10.1ms | Allocations: 4060)
Completed 200 OK in 17ms (Views: 15.3ms | ActiveRecord: 0.0ms | Allocations: 6012)


Started GET "/example" for ::1 at 2023-02-02 16:34:42 +0900
Processing by ExampleController#index as HTML
  Rendering layout layouts/application.html.erb
  Rendering example/index.html.erb within layouts/application
  Rendered example/index.html.erb within layouts/application (Duration: 0.2ms | Allocations: 38)
[Webpacker] Compiling...
[Webpacker] Compilation failed:
yarn run v1.22.18
info Visit https://yarnpkg.com/en/docs/cli/run for documentation about this command.


error Command "webpack" not found.

  Rendered layout layouts/application.html.erb (Duration: 448.6ms | Allocations: 4241)
Completed 200 OK in 454ms (Views: 453.6ms | ActiveRecord: 0.0ms | Allocations: 4679)


Started GET "/" for ::1 at 2023-02-02 16:34:45 +0900
Processing by HomesController#top as HTML
  Rendering layout layouts/application.html.erb
  Rendering homes/top.html.erb within layouts/application
  Rendered homes/top.html.erb within layouts/application (Duration: 0.2ms | Allocations: 81)
[Webpacker] Everything's up-to-date. Nothing to do
  Rendered layout layouts/application.html.erb (Duration: 13.7ms | Allocations: 3749)
Completed 200 OK in 16ms (Views: 14.9ms | ActiveRecord: 0.0ms | Allocations: 4636)


Started GET "/example" for ::1 at 2023-02-02 16:34:46 +0900
Processing by ExampleController#index as HTML
  Rendering layout layouts/application.html.erb
  Rendering example/index.html.erb within layouts/application
  Rendered example/index.html.erb within layouts/application (Duration: 0.1ms | Allocations: 38)
[Webpacker] Everything's up-to-date. Nothing to do
  Rendered layout layouts/application.html.erb (Duration: 13.2ms | Allocations: 4156)
Completed 200 OK in 15ms (Views: 13.9ms | ActiveRecord: 0.0ms | Allocations: 4545)


Started GET "/" for ::1 at 2023-02-02 16:34:59 +0900
  [1m[35m (0.3ms)[0m  [1m[34mSELECT sqlite_version(*)[0m
  [1m[35m (0.0ms)[0m  [1m[34mSELECT "schema_migrations"."version" FROM "schema_migrations" ORDER BY "schema_migrations"."version" ASC[0m
Processing by HomesController#top as HTML
  Rendering layout layouts/application.html.erb
  Rendering homes/top.html.erb within layouts/application
  Rendered homes/top.html.erb within layouts/application (Duration: 0.5ms | Allocations: 528)
[Webpacker] Everything's up-to-date. Nothing to do
  Rendered layout layouts/application.html.erb (Duration: 13.5ms | Allocations: 7150)
Completed 200 OK in 18ms (Views: 14.8ms | ActiveRecord: 0.0ms | Allocations: 10435)


Started GET "/example" for ::1 at 2023-02-02 16:35:01 +0900
Processing by ExampleController#index as HTML
  Rendering layout layouts/application.html.erb
  Rendering example/index.html.erb within layouts/application
  Rendered example/index.html.erb within layouts/application (Duration: 0.7ms | Allocations: 163)
[Webpacker] Everything's up-to-date. Nothing to do
  Rendered layout layouts/application.html.erb (Duration: 11.3ms | Allocations: 4070)
Completed 200 OK in 17ms (Views: 14.5ms | ActiveRecord: 0.0ms | Allocations: 5952)


Started GET "/example" for ::1 at 2023-02-02 16:35:02 +0900
Processing by ExampleController#index as HTML
  Rendering layout layouts/application.html.erb
  Rendering example/index.html.erb within layouts/application
  Rendered example/index.html.erb within layouts/application (Duration: 0.1ms | Allocations: 38)
[Webpacker] Everything's up-to-date. Nothing to do
  Rendered layout layouts/application.html.erb (Duration: 8.0ms | Allocations: 3543)
Completed 200 OK in 10ms (Views: 8.9ms | ActiveRecord: 0.0ms | Allocations: 3981)


Started GET "/" for ::1 at 2023-02-02 16:35:06 +0900
Processing by HomesController#top as HTML
  Rendering layout layouts/application.html.erb
  Rendering homes/top.html.erb within layouts/application
  Rendered homes/top.html.erb within layouts/application (Duration: 0.9ms | Allocations: 107)
[Webpacker] Everything's up-to-date. Nothing to do
  Rendered layout layouts/application.html.erb (Duration: 48.1ms | Allocations: 3748)
Completed 200 OK in 61ms (Views: 60.0ms | ActiveRecord: 0.0ms | Allocations: 4631)


Started GET "/example" for ::1 at 2023-02-02 16:35:07 +0900
Processing by ExampleController#index as HTML
  Rendering layout layouts/application.html.erb
  Rendering example/index.html.erb within layouts/application
  Rendered example/index.html.erb within layouts/application (Duration: 0.1ms | Allocations: 38)
[Webpacker] Everything's up-to-date. Nothing to do
  Rendered layout layouts/application.html.erb (Duration: 10.6ms | Allocations: 4242)
Completed 200 OK in 12ms (Views: 11.5ms | ActiveRecord: 0.0ms | Allocations: 4628)


Started GET "/" for ::1 at 2023-02-02 16:35:50 +0900
  [1m[35m (0.2ms)[0m  [1m[34mSELECT sqlite_version(*)[0m
  [1m[35m (0.0ms)[0m  [1m[34mSELECT "schema_migrations"."version" FROM "schema_migrations" ORDER BY "schema_migrations"."version" ASC[0m
Processing by HomesController#top as HTML
  Rendering layout layouts/application.html.erb
  Rendering homes/top.html.erb within layouts/application
  Rendered homes/top.html.erb within layouts/application (Duration: 0.7ms | Allocations: 528)
[Webpacker] Compiling...
[Webpacker] Compilation failed:
yarn run v1.22.18
info Visit https://yarnpkg.com/en/docs/cli/run for documentation about this command.


error Command "webpack" not found.

  Rendered layout layouts/application.html.erb (Duration: 407.8ms | Allocations: 7936)
Completed 200 OK in 415ms (Views: 409.5ms | ActiveRecord: 0.0ms | Allocations: 11221)


Started GET "/example" for ::1 at 2023-02-02 16:35:53 +0900
Processing by ExampleController#index as HTML
  Rendering layout layouts/application.html.erb
  Rendering example/index.html.erb within layouts/application
  Rendered example/index.html.erb within layouts/application (Duration: 0.9ms | Allocations: 147)
[Webpacker] Everything's up-to-date. Nothing to do
  Rendered layout layouts/application.html.erb (Duration: 12.1ms | Allocations: 4081)
Completed 200 OK in 18ms (Views: 15.0ms | ActiveRecord: 0.0ms | Allocations: 5998)


Started GET "/" for ::1 at 2023-02-02 16:38:17 +0900
  [1m[35m (0.2ms)[0m  [1m[34mSELECT sqlite_version(*)[0m
  [1m[35m (0.0ms)[0m  [1m[34mSELECT "schema_migrations"."version" FROM "schema_migrations" ORDER BY "schema_migrations"."version" ASC[0m
Processing by HomesController#top as HTML
  Rendering layout layouts/application.html.erb
  Rendering homes/top.html.erb within layouts/application
  Rendered homes/top.html.erb within layouts/application (Duration: 0.7ms | Allocations: 518)
[Webpacker] Everything's up-to-date. Nothing to do
  Rendered layout layouts/application.html.erb (Duration: 15.0ms | Allocations: 7141)
Completed 200 OK in 20ms (Views: 16.2ms | ActiveRecord: 0.0ms | Allocations: 10425)


Started GET "/example" for ::1 at 2023-02-02 16:38:20 +0900
Processing by ExampleController#index as HTML
  Rendering layout layouts/application.html.erb
  Rendering example/index.html.erb within layouts/application
  Rendered example/index.html.erb within layouts/application (Duration: 2.7ms | Allocations: 222)
[Webpacker] Everything's up-to-date. Nothing to do
  Rendered layout layouts/application.html.erb (Duration: 14.0ms | Allocations: 4124)
Completed 200 OK in 20ms (Views: 17.1ms | ActiveRecord: 0.0ms | Allocations: 5986)


Started GET "/example" for ::1 at 2023-02-02 16:39:15 +0900
Processing by ExampleController#index as HTML
  Rendering layout layouts/application.html.erb
  Rendering example/index.html.erb within layouts/application
  Rendered example/index.html.erb within layouts/application (Duration: 0.1ms | Allocations: 38)
[Webpacker] Everything's up-to-date. Nothing to do
  Rendered layout layouts/application.html.erb (Duration: 9.9ms | Allocations: 3543)
Completed 200 OK in 11ms (Views: 10.5ms | ActiveRecord: 0.0ms | Allocations: 3983)


Started GET "/" for ::1 at 2023-02-02 16:41:57 +0900
  [1m[35m (0.2ms)[0m  [1m[34mSELECT sqlite_version(*)[0m
  [1m[35m (0.1ms)[0m  [1m[34mSELECT "schema_migrations"."version" FROM "schema_migrations" ORDER BY "schema_migrations"."version" ASC[0m
Processing by HomesController#top as HTML
  Rendering layout layouts/application.html.erb
  Rendering homes/top.html.erb within layouts/application
  Rendered homes/top.html.erb within layouts/application (Duration: 0.7ms | Allocations: 528)
[Webpacker] Compiling...
[Webpacker] Compilation failed:
yarn run v1.22.18
info Visit https://yarnpkg.com/en/docs/cli/run for documentation about this command.


error Command "webpack" not found.

  Rendered layout layouts/application.html.erb (Duration: 420.1ms | Allocations: 7926)
Completed 200 OK in 427ms (Views: 422.6ms | ActiveRecord: 0.0ms | Allocations: 11211)


Started GET "/example" for ::1 at 2023-02-02 16:41:59 +0900
Processing by ExampleController#index as HTML
  Rendering layout layouts/application.html.erb
  Rendering example/index.html.erb within layouts/application
  Rendered example/index.html.erb within layouts/application (Duration: 2.2ms | Allocations: 163)
[Webpacker] Everything's up-to-date. Nothing to do
  Rendered layout layouts/application.html.erb (Duration: 13.3ms | Allocations: 4069)
Completed 200 OK in 21ms (Views: 17.6ms | ActiveRecord: 0.0ms | Allocations: 6026)


Started GET "/example" for ::1 at 2023-02-02 16:42:48 +0900
  [1m[35m (0.2ms)[0m  [1m[34mSELECT sqlite_version(*)[0m
  [1m[35m (0.0ms)[0m  [1m[34mSELECT "schema_migrations"."version" FROM "schema_migrations" ORDER BY "schema_migrations"."version" ASC[0m
Processing by ExampleController#index as HTML
  Rendering layout layouts/application.html.erb
  Rendering example/index.html.erb within layouts/application
  Rendered example/index.html.erb within layouts/application (Duration: 0.4ms | Allocations: 331)
[Webpacker] Compiling...
[Webpacker] Compiled all packs in /Users/kawabatakeigo/JavaScript/Turbolinks/turbolinks_verification/public/packs
[Webpacker] Hash: 8b51b501713818bffea6
Version: webpack 4.46.0
Time: 602ms
Built at: 2023/02/02 16:42:49
                                     Asset       Size       Chunks                         Chunk Names
    js/application-23663f20b90105b6fcaa.js    121 KiB  application  [emitted] [immutable]  application
js/application-23663f20b90105b6fcaa.js.map    133 KiB  application  [emitted] [dev]        application
                             manifest.json  364 bytes               [emitted]              
Entrypoint application = js/application-23663f20b90105b6fcaa.js js/application-23663f20b90105b6fcaa.js.map
[./app/javascript/channels sync recursive _channel\.js$] ./app/javascript/channels sync _channel\.js$ 160 bytes {application} [built]
[./app/javascript/channels/index.js] 211 bytes {application} [built]
[./app/javascript/packs/application.js] 513 bytes {application} [built]
[./app/javascript/script.js] 143 bytes {application} [built]
    + 3 hidden modules

  Rendered layout layouts/application.html.erb (Duration: 1330.0ms | Allocations: 8760)
Completed 200 OK in 1336ms (Views: 1331.8ms | ActiveRecord: 0.0ms | Allocations: 12045)


Started GET "/" for ::1 at 2023-02-02 16:42:50 +0900
Processing by HomesController#top as HTML
  Rendering layout layouts/application.html.erb
  Rendering homes/top.html.erb within layouts/application
  Rendered homes/top.html.erb within layouts/application (Duration: 1.2ms | Allocations: 299)
[Webpacker] Everything's up-to-date. Nothing to do
  Rendered layout layouts/application.html.erb (Duration: 13.5ms | Allocations: 4040)
Completed 200 OK in 19ms (Views: 17.0ms | ActiveRecord: 0.0ms | Allocations: 5233)


Started GET "/example" for ::1 at 2023-02-02 16:42:52 +0900
Processing by ExampleController#index as HTML
  Rendering layout layouts/application.html.erb
  Rendering example/index.html.erb within layouts/application
  Rendered example/index.html.erb within layouts/application (Duration: 0.1ms | Allocations: 43)
[Webpacker] Everything's up-to-date. Nothing to do
  Rendered layout layouts/application.html.erb (Duration: 12.1ms | Allocations: 4459)
Completed 200 OK in 14ms (Views: 12.8ms | ActiveRecord: 0.0ms | Allocations: 4955)


Started GET "/example" for ::1 at 2023-02-02 16:42:58 +0900
Processing by ExampleController#index as HTML
  Rendering layout layouts/application.html.erb
  Rendering example/index.html.erb within layouts/application
  Rendered example/index.html.erb within layouts/application (Duration: 0.1ms | Allocations: 38)
[Webpacker] Everything's up-to-date. Nothing to do
  Rendered layout layouts/application.html.erb (Duration: 7.0ms | Allocations: 3645)
Completed 200 OK in 8ms (Views: 7.6ms | ActiveRecord: 0.0ms | Allocations: 4042)


Started GET "/example" for ::1 at 2023-02-02 16:43:12 +0900
Processing by ExampleController#index as HTML
  Rendering layout layouts/application.html.erb
  Rendering example/index.html.erb within layouts/application
  Rendered example/index.html.erb within layouts/application (Duration: 0.1ms | Allocations: 38)
[Webpacker] Compiling...
[Webpacker] Compiled all packs in /Users/kawabatakeigo/JavaScript/Turbolinks/turbolinks_verification/public/packs
[Webpacker] Hash: be27aba83eaccc4194cf
Version: webpack 4.46.0
Time: 330ms
Built at: 2023/02/02 16:43:13
                                     Asset       Size       Chunks                         Chunk Names
    js/application-793b356933d3ec192c5b.js    121 KiB  application  [emitted] [immutable]  application
js/application-793b356933d3ec192c5b.js.map    133 KiB  application  [emitted] [dev]        application
                             manifest.json  364 bytes               [emitted]              
Entrypoint application = js/application-793b356933d3ec192c5b.js js/application-793b356933d3ec192c5b.js.map
[./app/javascript/channels sync recursive _channel\.js$] ./app/javascript/channels sync _channel\.js$ 160 bytes {application} [built]
[./app/javascript/channels/index.js] 211 bytes {application} [built]
[./app/javascript/packs/application.js] 513 bytes {application} [built]
[./app/javascript/script.js] 144 bytes {application} [built]
    + 3 hidden modules

  Rendered layout layouts/application.html.erb (Duration: 920.7ms | Allocations: 4295)
Completed 200 OK in 921ms (Views: 921.0ms | ActiveRecord: 0.0ms | Allocations: 4684)


Started GET "/" for ::1 at 2023-02-02 16:43:15 +0900
Processing by HomesController#top as HTML
  Rendering layout layouts/application.html.erb
  Rendering homes/top.html.erb within layouts/application
  Rendered homes/top.html.erb within layouts/application (Duration: 0.7ms | Allocations: 107)
[Webpacker] Everything's up-to-date. Nothing to do
  Rendered layout layouts/application.html.erb (Duration: 13.3ms | Allocations: 3721)
Completed 200 OK in 16ms (Views: 14.8ms | ActiveRecord: 0.0ms | Allocations: 4655)


Started GET "/example" for ::1 at 2023-02-02 16:43:16 +0900
Processing by ExampleController#index as HTML
  Rendering layout layouts/application.html.erb
  Rendering example/index.html.erb within layouts/application
  Rendered example/index.html.erb within layouts/application (Duration: 0.1ms | Allocations: 38)
[Webpacker] Everything's up-to-date. Nothing to do
  Rendered layout layouts/application.html.erb (Duration: 10.1ms | Allocations: 3550)
Completed 200 OK in 11ms (Views: 10.8ms | ActiveRecord: 0.0ms | Allocations: 3936)


