Started GET "/" for ::1 at 2023-01-31 20:56:08 +0900
  [1m[35m (1.5ms)[0m  [1m[34mSELECT sqlite_version(*)[0m
Processing by Rails::WelcomeController#index as HTML
  Rendering /Users/kawabatakeigo/.rbenv/versions/3.1.2/lib/ruby/gems/3.1.0/gems/railties-6.1.7.2/lib/rails/templates/rails/welcome/index.html.erb
  Rendered /Users/kawabatakeigo/.rbenv/versions/3.1.2/lib/ruby/gems/3.1.0/gems/railties-6.1.7.2/lib/rails/templates/rails/welcome/index.html.erb (Duration: 9.5ms | Allocations: 579)
Completed 200 OK in 18ms (Views: 11.7ms | ActiveRecord: 0.0ms | Allocations: 7057)


Started GET "/tests/top" for ::1 at 2023-01-31 20:56:37 +0900
Processing by TestsController#top as HTML
  Rendering layout layouts/application.html.erb
  Rendering tests/top.html.erb within layouts/application
  Rendered tests/top.html.erb within layouts/application (Duration: 0.5ms | Allocations: 149)
[Webpacker] Compiling...
[Webpacker] Compiled all packs in /Users/kawabatakeigo/JavaScript/chapter13/swiper_app/public/packs
[Webpacker] Hash: 804a8059a304061a3e74
Version: webpack 4.46.0
Time: 499ms
Built at: 2023/01/31 20:56:38
                                     Asset       Size       Chunks                         Chunk Names
    js/application-271cf8931bb708d2d8bb.js    121 KiB  application  [emitted] [immutable]  application
js/application-271cf8931bb708d2d8bb.js.map    133 KiB  application  [emitted] [dev]        application
                             manifest.json  364 bytes               [emitted]              
Entrypoint application = js/application-271cf8931bb708d2d8bb.js js/application-271cf8931bb708d2d8bb.js.map
[./app/javascript/channels sync recursive _channel\.js$] ./app/javascript/channels sync _channel\.js$ 160 bytes {application} [built]
[./app/javascript/channels/index.js] 211 bytes {application} [built]
[./app/javascript/packs/application.js] 493 bytes {application} [built]
    + 3 hidden modules

  Rendered layout layouts/application.html.erb (Duration: 1350.2ms | Allocations: 14766)
Completed 200 OK in 1356ms (Views: 1352.4ms | ActiveRecord: 0.0ms | Allocations: 18823)


Started GET "/tests/top" for ::1 at 2023-01-31 21:21:36 +0900
Processing by TestsController#top as HTML
  Rendering layout layouts/application.html.erb
  Rendering tests/top.html.erb within layouts/application
  Rendered tests/top.html.erb within layouts/application (Duration: 0.3ms | Allocations: 43)
[Webpacker] Compiling...
[Webpacker] Compiled all packs in /Users/kawabatakeigo/JavaScript/chapter13/swiper_app/public/packs
[Webpacker] Hash: 8d5fc9307087a50ac230
Version: webpack 4.46.0
Time: 348ms
Built at: 2023/01/31 21:21:37
                                     Asset       Size       Chunks                         Chunk Names
    js/application-96c9e6a23904de29cc06.js    121 KiB  application  [emitted] [immutable]  application
js/application-96c9e6a23904de29cc06.js.map    133 KiB  application  [emitted] [dev]        application
                             manifest.json  364 bytes               [emitted]              
Entrypoint application = js/application-96c9e6a23904de29cc06.js js/application-96c9e6a23904de29cc06.js.map
[./app/javascript/channels sync recursive _channel\.js$] ./app/javascript/channels sync _channel\.js$ 160 bytes {application} [built]
[./app/javascript/channels/index.js] 211 bytes {application} [built]
[./app/javascript/packs/application.js] 513 bytes {application} [built]
[./app/javascript/script.js] 57 bytes {application} [built]
    + 3 hidden modules

  Rendered layout layouts/application.html.erb (Duration: 1246.5ms | Allocations: 4423)
Completed 200 OK in 1249ms (Views: 1247.7ms | Allocations: 4923)


Started GET "/tests/top" for ::1 at 2023-01-31 21:21:41 +0900
Processing by TestsController#top as HTML
  Rendering layout layouts/application.html.erb
  Rendering tests/top.html.erb within layouts/application
  Rendered tests/top.html.erb within layouts/application (Duration: 0.2ms | Allocations: 38)
[Webpacker] Everything's up-to-date. Nothing to do
  Rendered layout layouts/application.html.erb (Duration: 10.5ms | Allocations: 3498)
Completed 200 OK in 14ms (Views: 11.4ms | Allocations: 3886)


Started GET "/tests/top" for ::1 at 2023-01-31 21:21:44 +0900
Processing by TestsController#top as HTML
  Rendering layout layouts/application.html.erb
  Rendering tests/top.html.erb within layouts/application
  Rendered tests/top.html.erb within layouts/application (Duration: 0.2ms | Allocations: 38)
[Webpacker] Everything's up-to-date. Nothing to do
  Rendered layout layouts/application.html.erb (Duration: 8.6ms | Allocations: 3498)
Completed 200 OK in 11ms (Views: 9.4ms | Allocations: 3883)


Started GET "/" for ::1 at 2023-02-02 15:40:04 +0900
Processing by Rails::WelcomeController#index as HTML
  Rendering /Users/kawabatakeigo/.rbenv/versions/3.1.2/lib/ruby/gems/3.1.0/gems/railties-6.1.7.2/lib/rails/templates/rails/welcome/index.html.erb
  Rendered /Users/kawabatakeigo/.rbenv/versions/3.1.2/lib/ruby/gems/3.1.0/gems/railties-6.1.7.2/lib/rails/templates/rails/welcome/index.html.erb (Duration: 6.1ms | Allocations: 273)
Completed 200 OK in 13ms (Views: 6.9ms | Allocations: 1078)


Started GET "/tests/top" for ::1 at 2023-02-02 15:40:21 +0900
Processing by TestsController#top as HTML
  Rendering layout layouts/application.html.erb
  Rendering tests/top.html.erb within layouts/application
  Rendered tests/top.html.erb within layouts/application (Duration: 0.1ms | Allocations: 38)
[Webpacker] Everything's up-to-date. Nothing to do
  Rendered layout layouts/application.html.erb (Duration: 49.5ms | Allocations: 3657)
Completed 200 OK in 51ms (Views: 50.2ms | Allocations: 4092)


Started GET "/tests/top" for ::1 at 2023-02-02 15:46:02 +0900
  [1m[35m (0.3ms)[0m  [1m[34mSELECT sqlite_version(*)[0m
Processing by TestsController#top as HTML
  Rendering layout layouts/application.html.erb
  Rendering tests/top.html.erb within layouts/application
  Rendered tests/top.html.erb within layouts/application (Duration: 0.9ms | Allocations: 337)
[Webpacker] Compiling...
[Webpacker] Compiled all packs in /Users/kawabatakeigo/JavaScript/chapter13/swiper_app/public/packs
[Webpacker] Hash: 5894d84b570179ee0d7a
Version: webpack 4.46.0
Time: 1006ms
Built at: 2023/02/02 15:46:04
                                     Asset       Size       Chunks                         Chunk Names
    js/application-c7797a8e143807b23273.js    855 KiB  application  [emitted] [immutable]  application
js/application-c7797a8e143807b23273.js.map    903 KiB  application  [emitted] [dev]        application
                             manifest.json  364 bytes               [emitted]              
Entrypoint application = js/application-c7797a8e143807b23273.js js/application-c7797a8e143807b23273.js.map
[./app/javascript/channels sync recursive _channel\.js$] ./app/javascript/channels sync _channel\.js$ 160 bytes {application} [built]
[./app/javascript/channels/index.js] 211 bytes {application} [built]
[./app/javascript/packs/application.js] 530 bytes {application} [built]
[./app/javascript/script.js] 173 bytes {application} [built]
    + 114 hidden modules

  Rendered layout layouts/application.html.erb (Duration: 1766.8ms | Allocations: 7522)
Completed 200 OK in 1779ms (Views: 1769.8ms | ActiveRecord: 0.0ms | Allocations: 10809)


Started GET "/tests/top" for ::1 at 2023-02-02 15:46:21 +0900
Processing by TestsController#top as HTML
  Rendering layout layouts/application.html.erb
  Rendering tests/top.html.erb within layouts/application
  Rendered tests/top.html.erb within layouts/application (Duration: 0.1ms | Allocations: 43)
[Webpacker] Everything's up-to-date. Nothing to do
  Rendered layout layouts/application.html.erb (Duration: 11.0ms | Allocations: 3664)
Completed 200 OK in 13ms (Views: 11.8ms | ActiveRecord: 0.0ms | Allocations: 4160)


Started GET "/tests/top" for ::1 at 2023-02-02 15:48:19 +0900
Processing by TestsController#top as HTML
  Rendering layout layouts/application.html.erb
  Rendering tests/top.html.erb within layouts/application
  Rendered tests/top.html.erb within layouts/application (Duration: 0.1ms | Allocations: 38)
[Webpacker] Compiling...
[Webpacker] Compiled all packs in /Users/kawabatakeigo/JavaScript/chapter13/swiper_app/public/packs
[Webpacker] Hash: 79524c9a002e614418e5
Version: webpack 4.46.0
Time: 462ms
Built at: 2023/02/02 15:48:20
                                     Asset       Size       Chunks                         Chunk Names
    js/application-db03aa2169043666da26.js    855 KiB  application  [emitted] [immutable]  application
js/application-db03aa2169043666da26.js.map    903 KiB  application  [emitted] [dev]        application
                             manifest.json  364 bytes               [emitted]              
Entrypoint application = js/application-db03aa2169043666da26.js js/application-db03aa2169043666da26.js.map
[./app/javascript/channels sync recursive _channel\.js$] ./app/javascript/channels sync _channel\.js$ 160 bytes {application} [built]
[./app/javascript/channels/index.js] 211 bytes {application} [built]
[./app/javascript/packs/application.js] 530 bytes {application} [built]
[./app/javascript/script.js] 251 bytes {application} [built]
    + 114 hidden modules

  Rendered layout layouts/application.html.erb (Duration: 1090.6ms | Allocations: 4247)
Completed 200 OK in 1092ms (Views: 1091.1ms | ActiveRecord: 0.0ms | Allocations: 4630)


Started GET "/tests/top" for ::1 at 2023-02-02 15:55:52 +0900
  [1m[35m (0.2ms)[0m  [1m[34mSELECT sqlite_version(*)[0m
Processing by TestsController#top as HTML
  Rendering layout layouts/application.html.erb
  Rendering tests/top.html.erb within layouts/application
  Rendered tests/top.html.erb within layouts/application (Duration: 31.3ms | Allocations: 4810)
  Rendered layout layouts/application.html.erb (Duration: 31.5ms | Allocations: 4912)
Completed 500 Internal Server Error in 39ms (ActiveRecord: 0.0ms | Allocations: 8115)


  
ActionView::Template::Error (The asset "nature-1.jpg" is not present in the asset pipeline.
):
    4: <div class="swiper">
    5:   <div class="swiper-wrapper">
    6:     <div class="swiper-slide">
    7:        <%= image_tag 'nature-1.jpg' %>
    8:     </div>
    9:     <div class="swiper-slide">
   10:        <%= image_tag 'nature-2.jpg' %>
  
app/views/tests/top.html.erb:7
Started GET "/tests/top" for ::1 at 2023-02-02 15:58:11 +0900
Processing by TestsController#top as HTML
  Rendering layout layouts/application.html.erb
  Rendering tests/top.html.erb within layouts/application
  Rendered tests/top.html.erb within layouts/application (Duration: 4.6ms | Allocations: 3721)
  Rendered layout layouts/application.html.erb (Duration: 5.4ms | Allocations: 3798)
Completed 500 Internal Server Error in 7ms (ActiveRecord: 0.0ms | Allocations: 4241)


  
ActionView::Template::Error (The asset "nature-1.jpg" is not present in the asset pipeline.
):
    4: <div class="swiper">
    5:   <div class="swiper-wrapper">
    6:     <div class="swiper-slide">
    7:        <%= image_tag 'nature-1.jpg' %>
    8:     </div>
    9:     <div class="swiper-slide">
   10:        <%= image_tag 'nature-2.jpg' %>
  
app/views/tests/top.html.erb:7
Started GET "/tests/top" for ::1 at 2023-02-02 15:58:12 +0900
Processing by TestsController#top as HTML
  Rendering layout layouts/application.html.erb
  Rendering tests/top.html.erb within layouts/application
  Rendered tests/top.html.erb within layouts/application (Duration: 5.1ms | Allocations: 3674)
  Rendered layout layouts/application.html.erb (Duration: 5.4ms | Allocations: 3751)
Completed 500 Internal Server Error in 7ms (ActiveRecord: 0.0ms | Allocations: 4111)


  
ActionView::Template::Error (The asset "nature-1.jpg" is not present in the asset pipeline.
):
    4: <div class="swiper">
    5:   <div class="swiper-wrapper">
    6:     <div class="swiper-slide">
    7:        <%= image_tag 'nature-1.jpg' %>
    8:     </div>
    9:     <div class="swiper-slide">
   10:        <%= image_tag 'nature-2.jpg' %>
  
app/views/tests/top.html.erb:7
Started GET "/tests/top" for ::1 at 2023-02-02 15:58:52 +0900
Processing by TestsController#top as HTML
  Rendering layout layouts/application.html.erb
  Rendering tests/top.html.erb within layouts/application
  Rendered tests/top.html.erb within layouts/application (Duration: 51.0ms | Allocations: 11994)
[Webpacker] Compiling...
[Webpacker] Compiled all packs in /Users/kawabatakeigo/JavaScript/chapter13/swiper_app/public/packs
[Webpacker] Hash: d0ff75ac96cc2c2dc005
Version: webpack 4.46.0
Time: 1245ms
Built at: 2023/02/02 15:58:53
                                     Asset       Size       Chunks                         Chunk Names
    js/application-061beeabee6060e4fae7.js   1.19 MiB  application  [emitted] [immutable]  application
js/application-061beeabee6060e4fae7.js.map   1.29 MiB  application  [emitted] [dev]        application
                             manifest.json  364 bytes               [emitted]              
Entrypoint application = js/application-061beeabee6060e4fae7.js js/application-061beeabee6060e4fae7.js.map
[./app/javascript/channels sync recursive _channel\.js$] ./app/javascript/channels sync _channel\.js$ 160 bytes {application} [built]
[./app/javascript/channels/index.js] 211 bytes {application} [built]
[./app/javascript/packs/application.js] 611 bytes {application} [built]
[./app/javascript/script.js] 527 bytes {application} [built]
    + 119 hidden modules

  Rendered layout layouts/application.html.erb (Duration: 1915.6ms | Allocations: 19091)
Completed 200 OK in 1917ms (Views: 1916.3ms | ActiveRecord: 0.0ms | Allocations: 19527)


